C:\USERS\NVROM\DOCUMENTS\VISUAL STUDIO 2012\PROJECTS\OPENCV_3.1_DEMO\FFILLDEMO\DEBUG\FFILLDEMO.OBJ
C:\USERS\NVROM\DOCUMENTS\VISUAL STUDIO 2012\PROJECTS\OPENCV_3.1_DEMO\FFILLDEMO\DEBUG\VC110.PDB
C:\USERS\NVROM\DOCUMENTS\VISUAL STUDIO 2012\PROJECTS\OPENCV_3.1_DEMO\DEBUG\FFILLDEMO.ILK
C:\USERS\NVROM\DOCUMENTS\VISUAL STUDIO 2012\PROJECTS\OPENCV_3.1_DEMO\DEBUG\FFILLDEMO.EXE
C:\USERS\NVROM\DOCUMENTS\VISUAL STUDIO 2012\PROJECTS\OPENCV_3.1_DEMO\DEBUG\FFILLDEMO.PDB
C:\Users\NvRom\Documents\Visual Studio 2012\Projects\OpenCv_3.1_Demo\ffilldemo\Debug\ffilldemo.obj
C:\Users\NvRom\Documents\Visual Studio 2012\Projects\OpenCv_3.1_Demo\ffilldemo\Debug\cl.command.1.tlog
C:\Users\NvRom\Documents\Visual Studio 2012\Projects\OpenCv_3.1_Demo\ffilldemo\Debug\CL.read.1.tlog
C:\Users\NvRom\Documents\Visual Studio 2012\Projects\OpenCv_3.1_Demo\ffilldemo\Debug\CL.write.1.tlog
C:\Users\NvRom\Documents\Visual Studio 2012\Projects\OpenCv_3.1_Demo\ffilldemo\Debug\link-cvtres.read.1.tlog
C:\Users\NvRom\Documents\Visual Studio 2012\Projects\OpenCv_3.1_Demo\ffilldemo\Debug\link-cvtres.write.1.tlog
C:\Users\NvRom\Documents\Visual Studio 2012\Projects\OpenCv_3.1_Demo\ffilldemo\Debug\link-rc.read.1.tlog
C:\Users\NvRom\Documents\Visual Studio 2012\Projects\OpenCv_3.1_Demo\ffilldemo\Debug\link-rc.write.1.tlog
C:\Users\NvRom\Documents\Visual Studio 2012\Projects\OpenCv_3.1_Demo\ffilldemo\Debug\link.1996-cvtres.read.1.tlog
C:\Users\NvRom\Documents\Visual Studio 2012\Projects\OpenCv_3.1_Demo\ffilldemo\Debug\link.1996-cvtres.write.1.tlog
C:\Users\NvRom\Documents\Visual Studio 2012\Projects\OpenCv_3.1_Demo\ffilldemo\Debug\link.1996-rc.read.1.tlog
C:\Users\NvRom\Documents\Visual Studio 2012\Projects\OpenCv_3.1_Demo\ffilldemo\Debug\link.1996-rc.write.1.tlog
C:\Users\NvRom\Documents\Visual Studio 2012\Projects\OpenCv_3.1_Demo\ffilldemo\Debug\link.1996.read.1.tlog
C:\Users\NvRom\Documents\Visual Studio 2012\Projects\OpenCv_3.1_Demo\ffilldemo\Debug\link.1996.write.1.tlog
C:\Users\NvRom\Documents\Visual Studio 2012\Projects\OpenCv_3.1_Demo\ffilldemo\Debug\link.command.1.tlog
C:\Users\NvRom\Documents\Visual Studio 2012\Projects\OpenCv_3.1_Demo\ffilldemo\Debug\link.read.1.tlog
C:\Users\NvRom\Documents\Visual Studio 2012\Projects\OpenCv_3.1_Demo\ffilldemo\Debug\link.write.1.tlog
C:\Users\NvRom\Documents\Visual Studio 2012\Projects\OpenCv_3.1_Demo\ffilldemo\Debug\vc110.idb
C:\Users\NvRom\Documents\Visual Studio 2012\Projects\OpenCv_3.1_Demo\ffilldemo\Debug\vc110.pdb
C:\Users\NvRom\Documents\Visual Studio 2012\Projects\OpenCv_3.1_Demo\Debug\ffilldemo.pdb
C:\Users\NvRom\Documents\Visual Studio 2012\Projects\OpenCv_3.1_Demo\Debug\ffilldemo.exe
C:\Users\NvRom\Documents\Visual Studio 2012\Projects\OpenCv_3.1_Demo\Debug\ffilldemo.ilk
