C:\USERS\NVROM\DOCUMENTS\VISUAL STUDIO 2012\PROJECTS\OPENCV_3.1_DEMO\SEGMENT_OBJECTS\DEBUG\SEGMENT_OBJECTS.OBJ
C:\USERS\NVROM\DOCUMENTS\VISUAL STUDIO 2012\PROJECTS\OPENCV_3.1_DEMO\SEGMENT_OBJECTS\DEBUG\VC110.PDB
C:\USERS\NVROM\DOCUMENTS\VISUAL STUDIO 2012\PROJECTS\OPENCV_3.1_DEMO\DEBUG\SEGMENT_OBJECTS.ILK
C:\USERS\NVROM\DOCUMENTS\VISUAL STUDIO 2012\PROJECTS\OPENCV_3.1_DEMO\DEBUG\SEGMENT_OBJECTS.EXE
C:\USERS\NVROM\DOCUMENTS\VISUAL STUDIO 2012\PROJECTS\OPENCV_3.1_DEMO\DEBUG\SEGMENT_OBJECTS.PDB
C:\Users\NvRom\Documents\Visual Studio 2012\Projects\OpenCv_3.1_Demo\segment_objects\Debug\segment_objects.obj
C:\Users\NvRom\Documents\Visual Studio 2012\Projects\OpenCv_3.1_Demo\segment_objects\Debug\cl.command.1.tlog
C:\Users\NvRom\Documents\Visual Studio 2012\Projects\OpenCv_3.1_Demo\segment_objects\Debug\CL.read.1.tlog
C:\Users\NvRom\Documents\Visual Studio 2012\Projects\OpenCv_3.1_Demo\segment_objects\Debug\CL.write.1.tlog
C:\Users\NvRom\Documents\Visual Studio 2012\Projects\OpenCv_3.1_Demo\segment_objects\Debug\link-cvtres.read.1.tlog
C:\Users\NvRom\Documents\Visual Studio 2012\Projects\OpenCv_3.1_Demo\segment_objects\Debug\link-cvtres.write.1.tlog
C:\Users\NvRom\Documents\Visual Studio 2012\Projects\OpenCv_3.1_Demo\segment_objects\Debug\link-rc.read.1.tlog
C:\Users\NvRom\Documents\Visual Studio 2012\Projects\OpenCv_3.1_Demo\segment_objects\Debug\link-rc.write.1.tlog
C:\Users\NvRom\Documents\Visual Studio 2012\Projects\OpenCv_3.1_Demo\segment_objects\Debug\link.command.1.tlog
C:\Users\NvRom\Documents\Visual Studio 2012\Projects\OpenCv_3.1_Demo\segment_objects\Debug\link.read.1.tlog
C:\Users\NvRom\Documents\Visual Studio 2012\Projects\OpenCv_3.1_Demo\segment_objects\Debug\link.write.1.tlog
C:\Users\NvRom\Documents\Visual Studio 2012\Projects\OpenCv_3.1_Demo\segment_objects\Debug\vc110.idb
C:\Users\NvRom\Documents\Visual Studio 2012\Projects\OpenCv_3.1_Demo\segment_objects\Debug\vc110.pdb
C:\Users\NvRom\Documents\Visual Studio 2012\Projects\OpenCv_3.1_Demo\Debug\segment_objects.pdb
C:\Users\NvRom\Documents\Visual Studio 2012\Projects\OpenCv_3.1_Demo\Debug\segment_objects.exe
C:\Users\NvRom\Documents\Visual Studio 2012\Projects\OpenCv_3.1_Demo\Debug\segment_objects.ilk
